<?xml version="1.0" encoding="UTF-8"?>
<testng-results ignored="3" total="31" passed="27" failed="1" skipped="0">
  <reporter-output>
  </reporter-output>
  <suite started-at="2023-01-04T19:29:56 IST" name="Suite" finished-at="2023-01-04T19:44:27 IST" duration-ms="871747">
    <groups>
      <group name="Sanity">
        <method signature="BuyerPortal_search.contactSupplier()[pri:3, instance:testing.dev.BuyerPortal_search@1ab3a8c8]" name="contactSupplier" class="testing.dev.BuyerPortal_search"/>
        <method signature="BuyerPortal_search.contactSupplier1()[pri:4, instance:testing.dev.BuyerPortal_search@1ab3a8c8]" name="contactSupplier1" class="testing.dev.BuyerPortal_search"/>
        <method signature="BuyerPortal_search.loginsearchPageTest()[pri:2, instance:testing.dev.BuyerPortal_search@1ab3a8c8]" name="loginsearchPageTest" class="testing.dev.BuyerPortal_search"/>
        <method signature="BuyerPortal_search.requestQuote()[pri:5, instance:testing.dev.BuyerPortal_search@1ab3a8c8]" name="requestQuote" class="testing.dev.BuyerPortal_search"/>
        <method signature="BuyerPortal_search.signInPageTest()[pri:1, instance:testing.dev.BuyerPortal_search@1ab3a8c8]" name="signInPageTest" class="testing.dev.BuyerPortal_search"/>
        <method signature="BuyerPortalLogin.signInPageTest3()[pri:3, instance:testing.dev.BuyerPortalLogin@399f45b1]" name="signInPageTest3" class="testing.dev.BuyerPortalLogin"/>
        <method signature="BuyerPortalLogin.signUpPageTest1()[pri:1, instance:testing.dev.BuyerPortalLogin@399f45b1]" name="signUpPageTest1" class="testing.dev.BuyerPortalLogin"/>
      </group> <!-- Sanity -->
      <group name="Regression">
        <method signature="BuyerPortal_search.contactSupplier()[pri:3, instance:testing.dev.BuyerPortal_search@1ab3a8c8]" name="contactSupplier" class="testing.dev.BuyerPortal_search"/>
        <method signature="BuyerPortal_search.contactSupplier1()[pri:4, instance:testing.dev.BuyerPortal_search@1ab3a8c8]" name="contactSupplier1" class="testing.dev.BuyerPortal_search"/>
        <method signature="BuyerPortal_search.loginsearchPageTest()[pri:2, instance:testing.dev.BuyerPortal_search@1ab3a8c8]" name="loginsearchPageTest" class="testing.dev.BuyerPortal_search"/>
        <method signature="BuyerPortal_search.requestQuote()[pri:5, instance:testing.dev.BuyerPortal_search@1ab3a8c8]" name="requestQuote" class="testing.dev.BuyerPortal_search"/>
        <method signature="BuyerPortal_search.signInPageTest()[pri:1, instance:testing.dev.BuyerPortal_search@1ab3a8c8]" name="signInPageTest" class="testing.dev.BuyerPortal_search"/>
        <method signature="BuyerPortalLogin.signInPageTest3()[pri:3, instance:testing.dev.BuyerPortalLogin@399f45b1]" name="signInPageTest3" class="testing.dev.BuyerPortalLogin"/>
        <method signature="BuyerPortalLogin.signUpPageTest1()[pri:1, instance:testing.dev.BuyerPortalLogin@399f45b1]" name="signUpPageTest1" class="testing.dev.BuyerPortalLogin"/>
      </group> <!-- Regression -->
      <group name="Smoke">
        <method signature="BuyerPortal_search.contactSupplier()[pri:3, instance:testing.dev.BuyerPortal_search@1ab3a8c8]" name="contactSupplier" class="testing.dev.BuyerPortal_search"/>
        <method signature="BuyerPortal_search.contactSupplier1()[pri:4, instance:testing.dev.BuyerPortal_search@1ab3a8c8]" name="contactSupplier1" class="testing.dev.BuyerPortal_search"/>
        <method signature="BuyerPortal_search.loginsearchPageTest()[pri:2, instance:testing.dev.BuyerPortal_search@1ab3a8c8]" name="loginsearchPageTest" class="testing.dev.BuyerPortal_search"/>
        <method signature="BuyerPortal_search.requestQuote()[pri:5, instance:testing.dev.BuyerPortal_search@1ab3a8c8]" name="requestQuote" class="testing.dev.BuyerPortal_search"/>
        <method signature="BuyerPortal_search.signInPageTest()[pri:1, instance:testing.dev.BuyerPortal_search@1ab3a8c8]" name="signInPageTest" class="testing.dev.BuyerPortal_search"/>
        <method signature="BuyerPortalLogin.signInPageTest3()[pri:3, instance:testing.dev.BuyerPortalLogin@399f45b1]" name="signInPageTest3" class="testing.dev.BuyerPortalLogin"/>
        <method signature="BuyerPortalLogin.signUpPageTest1()[pri:1, instance:testing.dev.BuyerPortalLogin@399f45b1]" name="signUpPageTest1" class="testing.dev.BuyerPortalLogin"/>
      </group> <!-- Smoke -->
    </groups>
    <test started-at="2023-01-04T19:29:56 IST" name="Test1" finished-at="2023-01-04T19:30:27 IST" duration-ms="31390">
      <class name="testing.dev.BuyerPortal_search">
        <test-method is-config="true" signature="setUp()[pri:0, instance:testing.dev.BuyerPortal_search@1ab3a8c8]" started-at="2023-01-04T19:29:56 IST" name="setUp" finished-at="2023-01-04T19:30:01 IST" duration-ms="5582" status="PASS">
          <reporter-output>
          </reporter-output>
        </test-method> <!-- setUp -->
        <test-method is-config="true" signature="setReports()[pri:0, instance:testing.dev.BuyerPortal_search@1ab3a8c8]" started-at="2023-01-04T19:30:01 IST" name="setReports" finished-at="2023-01-04T19:30:01 IST" duration-ms="114" status="PASS">
          <reporter-output>
          </reporter-output>
        </test-method> <!-- setReports -->
        <test-method is-config="true" signature="testName(java.lang.reflect.Method)[pri:0, instance:testing.dev.BuyerPortal_search@1ab3a8c8]" started-at="2023-01-04T19:30:01 IST" name="testName" finished-at="2023-01-04T19:30:01 IST" duration-ms="3" status="PASS">
          <params>
            <param index="0">
              <value>
                <![CDATA[public void testing.dev.BuyerPortal_search.signInPageTest() throws java.io.IOException,java.lang.InterruptedException]]>
              </value>
            </param>
          </params>
          <reporter-output>
          </reporter-output>
        </test-method> <!-- testName -->
        <test-method signature="signInPageTest()[pri:1, instance:testing.dev.BuyerPortal_search@1ab3a8c8]" started-at="2023-01-04T19:30:01 IST" name="signInPageTest" finished-at="2023-01-04T19:30:10 IST" duration-ms="8898" status="PASS">
          <reporter-output>
          </reporter-output>
        </test-method> <!-- signInPageTest -->
        <test-method is-config="true" signature="tearDown(org.testng.ITestResult)[pri:0, instance:testing.dev.BuyerPortal_search@1ab3a8c8]" started-at="2023-01-04T19:30:10 IST" name="tearDown" finished-at="2023-01-04T19:30:10 IST" duration-ms="1" status="PASS">
          <params>
            <param index="0">
              <value>
                <![CDATA[[TestResult name=signInPageTest status=SUCCESS method=BuyerPortal_search.signInPageTest()[pri:1, instance:testing.dev.BuyerPortal_search@1ab3a8c8] output={null}]]]>
              </value>
            </param>
          </params>
          <reporter-output>
          </reporter-output>
        </test-method> <!-- tearDown -->
        <test-method is-config="true" signature="testName(java.lang.reflect.Method)[pri:0, instance:testing.dev.BuyerPortal_search@1ab3a8c8]" started-at="2023-01-04T19:30:10 IST" name="testName" finished-at="2023-01-04T19:30:10 IST" duration-ms="1" status="PASS">
          <params>
            <param index="0">
              <value>
                <![CDATA[public void testing.dev.BuyerPortal_search.loginsearchPageTest() throws java.lang.InterruptedException]]>
              </value>
            </param>
          </params>
          <reporter-output>
          </reporter-output>
        </test-method> <!-- testName -->
        <test-method signature="loginsearchPageTest()[pri:2, instance:testing.dev.BuyerPortal_search@1ab3a8c8]" started-at="2023-01-04T19:30:10 IST" name="loginsearchPageTest" finished-at="2023-01-04T19:30:17 IST" duration-ms="6734" status="PASS">
          <reporter-output>
          </reporter-output>
        </test-method> <!-- loginsearchPageTest -->
        <test-method is-config="true" signature="tearDown(org.testng.ITestResult)[pri:0, instance:testing.dev.BuyerPortal_search@1ab3a8c8]" started-at="2023-01-04T19:30:17 IST" name="tearDown" finished-at="2023-01-04T19:30:17 IST" duration-ms="1" status="PASS">
          <params>
            <param index="0">
              <value>
                <![CDATA[[TestResult name=loginsearchPageTest status=SUCCESS method=BuyerPortal_search.loginsearchPageTest()[pri:2, instance:testing.dev.BuyerPortal_search@1ab3a8c8] output={null}]]]>
              </value>
            </param>
          </params>
          <reporter-output>
          </reporter-output>
        </test-method> <!-- tearDown -->
        <test-method is-config="true" signature="testName(java.lang.reflect.Method)[pri:0, instance:testing.dev.BuyerPortal_search@1ab3a8c8]" started-at="2023-01-04T19:30:17 IST" name="testName" finished-at="2023-01-04T19:30:17 IST" duration-ms="1" status="PASS">
          <params>
            <param index="0">
              <value>
                <![CDATA[public void testing.dev.BuyerPortal_search.contactSupplier() throws java.lang.InterruptedException]]>
              </value>
            </param>
          </params>
          <reporter-output>
          </reporter-output>
        </test-method> <!-- testName -->
        <test-method signature="contactSupplier()[pri:3, instance:testing.dev.BuyerPortal_search@1ab3a8c8]" started-at="2023-01-04T19:30:17 IST" name="contactSupplier" finished-at="2023-01-04T19:30:22 IST" duration-ms="5371" status="PASS">
          <reporter-output>
          </reporter-output>
        </test-method> <!-- contactSupplier -->
        <test-method is-config="true" signature="tearDown(org.testng.ITestResult)[pri:0, instance:testing.dev.BuyerPortal_search@1ab3a8c8]" started-at="2023-01-04T19:30:22 IST" name="tearDown" finished-at="2023-01-04T19:30:22 IST" duration-ms="1" status="PASS">
          <params>
            <param index="0">
              <value>
                <![CDATA[[TestResult name=contactSupplier status=SUCCESS method=BuyerPortal_search.contactSupplier()[pri:3, instance:testing.dev.BuyerPortal_search@1ab3a8c8] output={null}]]]>
              </value>
            </param>
          </params>
          <reporter-output>
          </reporter-output>
        </test-method> <!-- tearDown -->
        <test-method is-config="true" signature="testName(java.lang.reflect.Method)[pri:0, instance:testing.dev.BuyerPortal_search@1ab3a8c8]" started-at="2023-01-04T19:30:22 IST" name="testName" finished-at="2023-01-04T19:30:22 IST" duration-ms="1" status="PASS">
          <params>
            <param index="0">
              <value>
                <![CDATA[public void testing.dev.BuyerPortal_search.contactSupplier1() throws java.lang.InterruptedException]]>
              </value>
            </param>
          </params>
          <reporter-output>
          </reporter-output>
        </test-method> <!-- testName -->
        <test-method signature="contactSupplier1()[pri:4, instance:testing.dev.BuyerPortal_search@1ab3a8c8]" started-at="2023-01-04T19:30:22 IST" name="contactSupplier1" finished-at="2023-01-04T19:30:25 IST" duration-ms="3180" status="PASS">
          <reporter-output>
          </reporter-output>
        </test-method> <!-- contactSupplier1 -->
        <test-method is-config="true" signature="tearDown(org.testng.ITestResult)[pri:0, instance:testing.dev.BuyerPortal_search@1ab3a8c8]" started-at="2023-01-04T19:30:25 IST" name="tearDown" finished-at="2023-01-04T19:30:25 IST" duration-ms="2" status="PASS">
          <params>
            <param index="0">
              <value>
                <![CDATA[[TestResult name=contactSupplier1 status=SUCCESS method=BuyerPortal_search.contactSupplier1()[pri:4, instance:testing.dev.BuyerPortal_search@1ab3a8c8] output={null}]]]>
              </value>
            </param>
          </params>
          <reporter-output>
          </reporter-output>
        </test-method> <!-- tearDown -->
        <test-method is-config="true" signature="testName(java.lang.reflect.Method)[pri:0, instance:testing.dev.BuyerPortal_search@1ab3a8c8]" started-at="2023-01-04T19:30:25 IST" name="testName" finished-at="2023-01-04T19:30:25 IST" duration-ms="0" status="PASS">
          <params>
            <param index="0">
              <value>
                <![CDATA[public void testing.dev.BuyerPortal_search.requestQuote() throws java.lang.InterruptedException]]>
              </value>
            </param>
          </params>
          <reporter-output>
          </reporter-output>
        </test-method> <!-- testName -->
        <test-method signature="requestQuote()[pri:5, instance:testing.dev.BuyerPortal_search@1ab3a8c8]" started-at="2023-01-04T19:30:25 IST" name="requestQuote" finished-at="2023-01-04T19:30:26 IST" duration-ms="1025" status="PASS">
          <reporter-output>
          </reporter-output>
        </test-method> <!-- requestQuote -->
        <test-method is-config="true" signature="tearDown(org.testng.ITestResult)[pri:0, instance:testing.dev.BuyerPortal_search@1ab3a8c8]" started-at="2023-01-04T19:30:26 IST" name="tearDown" finished-at="2023-01-04T19:30:26 IST" duration-ms="1" status="PASS">
          <params>
            <param index="0">
              <value>
                <![CDATA[[TestResult name=requestQuote status=SUCCESS method=BuyerPortal_search.requestQuote()[pri:5, instance:testing.dev.BuyerPortal_search@1ab3a8c8] output={null}]]]>
              </value>
            </param>
          </params>
          <reporter-output>
          </reporter-output>
        </test-method> <!-- tearDown -->
        <test-method is-config="true" signature="closeReport()[pri:0, instance:testing.dev.BuyerPortal_search@1ab3a8c8]" started-at="2023-01-04T19:30:26 IST" name="closeReport" finished-at="2023-01-04T19:30:27 IST" duration-ms="416" status="PASS">
          <reporter-output>
          </reporter-output>
        </test-method> <!-- closeReport -->
      </class> <!-- testing.dev.BuyerPortal_search -->
    </test> <!-- Test1 -->
    <test started-at="2023-01-04T19:30:27 IST" name="Test2" finished-at="2023-01-04T19:30:46 IST" duration-ms="19344">
      <class name="testing.dev.BuyerPortalLogin">
        <test-method is-config="true" signature="setUp()[pri:0, instance:testing.dev.BuyerPortalLogin@399f45b1]" started-at="2023-01-04T19:30:27 IST" name="setUp" finished-at="2023-01-04T19:30:30 IST" duration-ms="3000" status="PASS">
          <reporter-output>
          </reporter-output>
        </test-method> <!-- setUp -->
        <test-method is-config="true" signature="setReports()[pri:0, instance:testing.dev.BuyerPortalLogin@399f45b1]" started-at="2023-01-04T19:30:30 IST" name="setReports" finished-at="2023-01-04T19:30:30 IST" duration-ms="1" status="PASS">
          <reporter-output>
          </reporter-output>
        </test-method> <!-- setReports -->
        <test-method is-config="true" signature="testName(java.lang.reflect.Method)[pri:0, instance:testing.dev.BuyerPortalLogin@399f45b1]" started-at="2023-01-04T19:30:30 IST" name="testName" finished-at="2023-01-04T19:30:30 IST" duration-ms="0" status="PASS">
          <params>
            <param index="0">
              <value>
                <![CDATA[public void testing.dev.BuyerPortalLogin.signUpPageTest1() throws java.io.IOException,java.lang.InterruptedException]]>
              </value>
            </param>
          </params>
          <reporter-output>
          </reporter-output>
        </test-method> <!-- testName -->
        <test-method signature="signUpPageTest1()[pri:1, instance:testing.dev.BuyerPortalLogin@399f45b1]" started-at="2023-01-04T19:30:30 IST" name="signUpPageTest1" finished-at="2023-01-04T19:30:42 IST" duration-ms="12276" status="PASS">
          <reporter-output>
          </reporter-output>
        </test-method> <!-- signUpPageTest1 -->
        <test-method is-config="true" signature="tearDown(org.testng.ITestResult)[pri:0, instance:testing.dev.BuyerPortalLogin@399f45b1]" started-at="2023-01-04T19:30:42 IST" name="tearDown" finished-at="2023-01-04T19:30:42 IST" duration-ms="1" status="PASS">
          <params>
            <param index="0">
              <value>
                <![CDATA[[TestResult name=signUpPageTest1 status=SUCCESS method=BuyerPortalLogin.signUpPageTest1()[pri:1, instance:testing.dev.BuyerPortalLogin@399f45b1] output={null}]]]>
              </value>
            </param>
          </params>
          <reporter-output>
          </reporter-output>
        </test-method> <!-- tearDown -->
        <test-method is-config="true" signature="testName(java.lang.reflect.Method)[pri:0, instance:testing.dev.BuyerPortalLogin@399f45b1]" started-at="2023-01-04T19:30:42 IST" name="testName" finished-at="2023-01-04T19:30:42 IST" duration-ms="1" status="PASS">
          <params>
            <param index="0">
              <value>
                <![CDATA[public void testing.dev.BuyerPortalLogin.signInPageTest3()]]>
              </value>
            </param>
          </params>
          <reporter-output>
          </reporter-output>
        </test-method> <!-- testName -->
        <test-method signature="signInPageTest3()[pri:3, instance:testing.dev.BuyerPortalLogin@399f45b1]" started-at="2023-01-04T19:30:42 IST" name="signInPageTest3" finished-at="2023-01-04T19:30:46 IST" duration-ms="3886" status="PASS">
          <reporter-output>
          </reporter-output>
        </test-method> <!-- signInPageTest3 -->
        <test-method is-config="true" signature="tearDown(org.testng.ITestResult)[pri:0, instance:testing.dev.BuyerPortalLogin@399f45b1]" started-at="2023-01-04T19:30:46 IST" name="tearDown" finished-at="2023-01-04T19:30:46 IST" duration-ms="1" status="PASS">
          <params>
            <param index="0">
              <value>
                <![CDATA[[TestResult name=signInPageTest3 status=SUCCESS method=BuyerPortalLogin.signInPageTest3()[pri:3, instance:testing.dev.BuyerPortalLogin@399f45b1] output={null}]]]>
              </value>
            </param>
          </params>
          <reporter-output>
          </reporter-output>
        </test-method> <!-- tearDown -->
        <test-method is-config="true" signature="closeReport()[pri:0, instance:testing.dev.BuyerPortalLogin@399f45b1]" started-at="2023-01-04T19:30:46 IST" name="closeReport" finished-at="2023-01-04T19:30:46 IST" duration-ms="174" status="PASS">
          <reporter-output>
          </reporter-output>
        </test-method> <!-- closeReport -->
      </class> <!-- testing.dev.BuyerPortalLogin -->
    </test> <!-- Test2 -->
    <test started-at="2023-01-04T19:30:46 IST" name="Test3" finished-at="2023-01-04T19:42:40 IST" duration-ms="713239">
      <class name="testing.dev.BuyerPortal_LandingPagetest">
        <test-method is-config="true" signature="setUp()[pri:0, instance:testing.dev.BuyerPortal_LandingPagetest@1d2adfbe]" started-at="2023-01-04T19:30:46 IST" name="setUp" finished-at="2023-01-04T19:30:49 IST" duration-ms="2254" status="PASS">
          <reporter-output>
          </reporter-output>
        </test-method> <!-- setUp -->
        <test-method is-config="true" signature="setReports()[pri:0, instance:testing.dev.BuyerPortal_LandingPagetest@1d2adfbe]" started-at="2023-01-04T19:30:49 IST" name="setReports" finished-at="2023-01-04T19:30:49 IST" duration-ms="2" status="PASS">
          <reporter-output>
          </reporter-output>
        </test-method> <!-- setReports -->
        <test-method is-config="true" signature="testName(java.lang.reflect.Method)[pri:0, instance:testing.dev.BuyerPortal_LandingPagetest@1d2adfbe]" started-at="2023-01-04T19:30:49 IST" name="testName" finished-at="2023-01-04T19:30:49 IST" duration-ms="1" status="PASS">
          <params>
            <param index="0">
              <value>
                <![CDATA[public void testing.dev.BuyerPortal_LandingPagetest.search() throws java.lang.InterruptedException]]>
              </value>
            </param>
          </params>
          <reporter-output>
          </reporter-output>
        </test-method> <!-- testName -->
        <test-method signature="search()[pri:1, instance:testing.dev.BuyerPortal_LandingPagetest@1d2adfbe]" started-at="2023-01-04T19:30:49 IST" name="search" finished-at="2023-01-04T19:30:54 IST" duration-ms="5566" status="PASS">
          <reporter-output>
          </reporter-output>
        </test-method> <!-- search -->
        <test-method is-config="true" signature="tearDown(org.testng.ITestResult)[pri:0, instance:testing.dev.BuyerPortal_LandingPagetest@1d2adfbe]" started-at="2023-01-04T19:30:54 IST" name="tearDown" finished-at="2023-01-04T19:30:54 IST" duration-ms="1" status="PASS">
          <params>
            <param index="0">
              <value>
                <![CDATA[[TestResult name=search status=SUCCESS method=BuyerPortal_LandingPagetest.search()[pri:1, instance:testing.dev.BuyerPortal_LandingPagetest@1d2adfbe] output={null}]]]>
              </value>
            </param>
          </params>
          <reporter-output>
          </reporter-output>
        </test-method> <!-- tearDown -->
        <test-method is-config="true" signature="testName(java.lang.reflect.Method)[pri:0, instance:testing.dev.BuyerPortal_LandingPagetest@1d2adfbe]" started-at="2023-01-04T19:30:54 IST" name="testName" finished-at="2023-01-04T19:30:54 IST" duration-ms="1" status="PASS">
          <params>
            <param index="0">
              <value>
                <![CDATA[public void testing.dev.BuyerPortal_LandingPagetest.popularSearch() throws java.lang.InterruptedException]]>
              </value>
            </param>
          </params>
          <reporter-output>
          </reporter-output>
        </test-method> <!-- testName -->
        <test-method signature="popularSearch()[pri:2, instance:testing.dev.BuyerPortal_LandingPagetest@1d2adfbe]" started-at="2023-01-04T19:30:54 IST" name="popularSearch" finished-at="2023-01-04T19:31:06 IST" duration-ms="11584" status="PASS">
          <reporter-output>
          </reporter-output>
        </test-method> <!-- popularSearch -->
        <test-method is-config="true" signature="tearDown(org.testng.ITestResult)[pri:0, instance:testing.dev.BuyerPortal_LandingPagetest@1d2adfbe]" started-at="2023-01-04T19:31:06 IST" name="tearDown" finished-at="2023-01-04T19:31:06 IST" duration-ms="1" status="PASS">
          <params>
            <param index="0">
              <value>
                <![CDATA[[TestResult name=popularSearch status=SUCCESS method=BuyerPortal_LandingPagetest.popularSearch()[pri:2, instance:testing.dev.BuyerPortal_LandingPagetest@1d2adfbe] output={null}]]]>
              </value>
            </param>
          </params>
          <reporter-output>
          </reporter-output>
        </test-method> <!-- tearDown -->
        <test-method is-config="true" signature="testName(java.lang.reflect.Method)[pri:0, instance:testing.dev.BuyerPortal_LandingPagetest@1d2adfbe]" started-at="2023-01-04T19:31:06 IST" name="testName" finished-at="2023-01-04T19:31:06 IST" duration-ms="1" status="PASS">
          <params>
            <param index="0">
              <value>
                <![CDATA[public void testing.dev.BuyerPortal_LandingPagetest.categories() throws java.lang.InterruptedException]]>
              </value>
            </param>
          </params>
          <reporter-output>
          </reporter-output>
        </test-method> <!-- testName -->
        <test-method signature="categories()[pri:3, instance:testing.dev.BuyerPortal_LandingPagetest@1d2adfbe]" started-at="2023-01-04T19:31:06 IST" name="categories" finished-at="2023-01-04T19:31:28 IST" duration-ms="22273" status="PASS">
          <reporter-output>
          </reporter-output>
        </test-method> <!-- categories -->
        <test-method is-config="true" signature="testName(java.lang.reflect.Method)[pri:0, instance:testing.dev.BuyerPortal_LandingPagetest@1d2adfbe]" started-at="2023-01-04T19:31:28 IST" name="testName" finished-at="2023-01-04T19:31:28 IST" duration-ms="1" status="PASS">
          <params>
            <param index="0">
              <value>
                <![CDATA[public void testing.dev.BuyerPortal_LandingPagetest.testimonials() throws java.lang.InterruptedException]]>
              </value>
            </param>
          </params>
          <reporter-output>
          </reporter-output>
        </test-method> <!-- testName -->
        <test-method is-config="true" signature="tearDown(org.testng.ITestResult)[pri:0, instance:testing.dev.BuyerPortal_LandingPagetest@1d2adfbe]" started-at="2023-01-04T19:31:28 IST" name="tearDown" finished-at="2023-01-04T19:31:28 IST" duration-ms="0" status="PASS">
          <params>
            <param index="0">
              <value>
                <![CDATA[[TestResult name=categories status=SUCCESS method=BuyerPortal_LandingPagetest.categories()[pri:3, instance:testing.dev.BuyerPortal_LandingPagetest@1d2adfbe] output={null}]]]>
              </value>
            </param>
          </params>
          <reporter-output>
          </reporter-output>
        </test-method> <!-- tearDown -->
        <test-method signature="testimonials()[pri:4, instance:testing.dev.BuyerPortal_LandingPagetest@1d2adfbe]" started-at="2023-01-04T19:31:28 IST" name="testimonials" finished-at="2023-01-04T19:31:30 IST" duration-ms="2119" status="PASS">
          <reporter-output>
          </reporter-output>
        </test-method> <!-- testimonials -->
        <test-method is-config="true" signature="tearDown(org.testng.ITestResult)[pri:0, instance:testing.dev.BuyerPortal_LandingPagetest@1d2adfbe]" started-at="2023-01-04T19:31:30 IST" name="tearDown" finished-at="2023-01-04T19:31:30 IST" duration-ms="2" status="PASS">
          <params>
            <param index="0">
              <value>
                <![CDATA[[TestResult name=testimonials status=SUCCESS method=BuyerPortal_LandingPagetest.testimonials()[pri:4, instance:testing.dev.BuyerPortal_LandingPagetest@1d2adfbe] output={null}]]]>
              </value>
            </param>
          </params>
          <reporter-output>
          </reporter-output>
        </test-method> <!-- tearDown -->
        <test-method signature="signInPageTest()[pri:6, instance:testing.dev.BuyerPortal_LandingPagetest@1d2adfbe]" started-at="2023-01-04T19:31:30 IST" name="signInPageTest" finished-at="2023-01-04T19:31:39 IST" duration-ms="8724" status="PASS">
          <reporter-output>
          </reporter-output>
        </test-method> <!-- signInPageTest -->
        <test-method is-config="true" signature="testName(java.lang.reflect.Method)[pri:0, instance:testing.dev.BuyerPortal_LandingPagetest@1d2adfbe]" started-at="2023-01-04T19:31:30 IST" name="testName" finished-at="2023-01-04T19:31:30 IST" duration-ms="0" status="PASS">
          <params>
            <param index="0">
              <value>
                <![CDATA[public void testing.dev.BuyerPortal_LandingPagetest.signInPageTest() throws java.io.IOException,java.lang.InterruptedException]]>
              </value>
            </param>
          </params>
          <reporter-output>
          </reporter-output>
        </test-method> <!-- testName -->
        <test-method is-config="true" signature="tearDown(org.testng.ITestResult)[pri:0, instance:testing.dev.BuyerPortal_LandingPagetest@1d2adfbe]" started-at="2023-01-04T19:31:39 IST" name="tearDown" finished-at="2023-01-04T19:31:39 IST" duration-ms="0" status="PASS">
          <params>
            <param index="0">
              <value>
                <![CDATA[[TestResult name=signInPageTest status=SUCCESS method=BuyerPortal_LandingPagetest.signInPageTest()[pri:6, instance:testing.dev.BuyerPortal_LandingPagetest@1d2adfbe] output={null}]]]>
              </value>
            </param>
          </params>
          <reporter-output>
          </reporter-output>
        </test-method> <!-- tearDown -->
        <test-method is-config="true" signature="testName(java.lang.reflect.Method)[pri:0, instance:testing.dev.BuyerPortal_LandingPagetest@1d2adfbe]" started-at="2023-01-04T19:31:39 IST" name="testName" finished-at="2023-01-04T19:31:39 IST" duration-ms="0" status="PASS">
          <params>
            <param index="0">
              <value>
                <![CDATA[public void testing.dev.BuyerPortal_LandingPagetest.searchpage() throws java.lang.InterruptedException]]>
              </value>
            </param>
          </params>
          <reporter-output>
          </reporter-output>
        </test-method> <!-- testName -->
        <test-method signature="searchpage()[pri:7, instance:testing.dev.BuyerPortal_LandingPagetest@1d2adfbe]" started-at="2023-01-04T19:31:39 IST" name="searchpage" finished-at="2023-01-04T19:42:39 IST" duration-ms="660546" status="PASS">
          <reporter-output>
          </reporter-output>
        </test-method> <!-- searchpage -->
        <test-method is-config="true" signature="tearDown(org.testng.ITestResult)[pri:0, instance:testing.dev.BuyerPortal_LandingPagetest@1d2adfbe]" started-at="2023-01-04T19:42:39 IST" name="tearDown" finished-at="2023-01-04T19:42:39 IST" duration-ms="1" status="PASS">
          <params>
            <param index="0">
              <value>
                <![CDATA[[TestResult name=searchpage status=SUCCESS method=BuyerPortal_LandingPagetest.searchpage()[pri:7, instance:testing.dev.BuyerPortal_LandingPagetest@1d2adfbe] output={null}]]]>
              </value>
            </param>
          </params>
          <reporter-output>
          </reporter-output>
        </test-method> <!-- tearDown -->
        <test-method is-config="true" signature="closeReport()[pri:0, instance:testing.dev.BuyerPortal_LandingPagetest@1d2adfbe]" started-at="2023-01-04T19:42:39 IST" name="closeReport" finished-at="2023-01-04T19:42:40 IST" duration-ms="148" status="PASS">
          <reporter-output>
          </reporter-output>
        </test-method> <!-- closeReport -->
      </class> <!-- testing.dev.BuyerPortal_LandingPagetest -->
    </test> <!-- Test3 -->
    <test started-at="2023-01-04T19:42:40 IST" name="Test4" finished-at="2023-01-04T19:43:38 IST" duration-ms="58656">
      <class name="testing.dev.BuyerPortal_ComparePageTest">
        <test-method is-config="true" signature="setUp()[pri:0, instance:testing.dev.BuyerPortal_ComparePageTest@7f3b84b8]" started-at="2023-01-04T19:42:40 IST" name="setUp" finished-at="2023-01-04T19:42:43 IST" duration-ms="3109" status="PASS">
          <reporter-output>
          </reporter-output>
        </test-method> <!-- setUp -->
        <test-method is-config="true" signature="setReports()[pri:0, instance:testing.dev.BuyerPortal_ComparePageTest@7f3b84b8]" started-at="2023-01-04T19:42:43 IST" name="setReports" finished-at="2023-01-04T19:42:43 IST" duration-ms="3" status="PASS">
          <reporter-output>
          </reporter-output>
        </test-method> <!-- setReports -->
        <test-method is-config="true" signature="testName(java.lang.reflect.Method)[pri:0, instance:testing.dev.BuyerPortal_ComparePageTest@7f3b84b8]" started-at="2023-01-04T19:42:43 IST" name="testName" finished-at="2023-01-04T19:42:43 IST" duration-ms="0" status="PASS">
          <params>
            <param index="0">
              <value>
                <![CDATA[public void testing.dev.BuyerPortal_ComparePageTest.signInPageTest() throws java.lang.InterruptedException,java.io.IOException]]>
              </value>
            </param>
          </params>
          <reporter-output>
          </reporter-output>
        </test-method> <!-- testName -->
        <test-method signature="signInPageTest()[pri:1, instance:testing.dev.BuyerPortal_ComparePageTest@7f3b84b8]" started-at="2023-01-04T19:42:43 IST" name="signInPageTest" finished-at="2023-01-04T19:42:51 IST" duration-ms="8754" status="PASS">
          <reporter-output>
          </reporter-output>
        </test-method> <!-- signInPageTest -->
        <test-method is-config="true" signature="tearDown(org.testng.ITestResult)[pri:0, instance:testing.dev.BuyerPortal_ComparePageTest@7f3b84b8]" started-at="2023-01-04T19:42:51 IST" name="tearDown" finished-at="2023-01-04T19:42:51 IST" duration-ms="0" status="PASS">
          <params>
            <param index="0">
              <value>
                <![CDATA[[TestResult name=signInPageTest status=SUCCESS method=BuyerPortal_ComparePageTest.signInPageTest()[pri:1, instance:testing.dev.BuyerPortal_ComparePageTest@7f3b84b8] output={null}]]]>
              </value>
            </param>
          </params>
          <reporter-output>
          </reporter-output>
        </test-method> <!-- tearDown -->
        <test-method is-config="true" signature="testName(java.lang.reflect.Method)[pri:0, instance:testing.dev.BuyerPortal_ComparePageTest@7f3b84b8]" started-at="2023-01-04T19:42:51 IST" name="testName" finished-at="2023-01-04T19:42:51 IST" duration-ms="0" status="PASS">
          <params>
            <param index="0">
              <value>
                <![CDATA[public void testing.dev.BuyerPortal_ComparePageTest.comparePage01() throws java.lang.InterruptedException]]>
              </value>
            </param>
          </params>
          <reporter-output>
          </reporter-output>
        </test-method> <!-- testName -->
        <test-method signature="comparePage01()[pri:2, instance:testing.dev.BuyerPortal_ComparePageTest@7f3b84b8]" started-at="2023-01-04T19:42:51 IST" name="comparePage01" finished-at="2023-01-04T19:43:11 IST" duration-ms="19264" status="PASS">
          <reporter-output>
          </reporter-output>
        </test-method> <!-- comparePage01 -->
        <test-method is-config="true" signature="tearDown(org.testng.ITestResult)[pri:0, instance:testing.dev.BuyerPortal_ComparePageTest@7f3b84b8]" started-at="2023-01-04T19:43:11 IST" name="tearDown" finished-at="2023-01-04T19:43:11 IST" duration-ms="1" status="PASS">
          <params>
            <param index="0">
              <value>
                <![CDATA[[TestResult name=comparePage01 status=SUCCESS method=BuyerPortal_ComparePageTest.comparePage01()[pri:2, instance:testing.dev.BuyerPortal_ComparePageTest@7f3b84b8] output={null}]]]>
              </value>
            </param>
          </params>
          <reporter-output>
          </reporter-output>
        </test-method> <!-- tearDown -->
        <test-method is-config="true" signature="testName(java.lang.reflect.Method)[pri:0, instance:testing.dev.BuyerPortal_ComparePageTest@7f3b84b8]" started-at="2023-01-04T19:43:11 IST" name="testName" finished-at="2023-01-04T19:43:11 IST" duration-ms="0" status="PASS">
          <params>
            <param index="0">
              <value>
                <![CDATA[public void testing.dev.BuyerPortal_ComparePageTest.contactSupplier() throws java.lang.InterruptedException]]>
              </value>
            </param>
          </params>
          <reporter-output>
          </reporter-output>
        </test-method> <!-- testName -->
        <test-method signature="contactSupplier()[pri:3, instance:testing.dev.BuyerPortal_ComparePageTest@7f3b84b8]" started-at="2023-01-04T19:43:11 IST" name="contactSupplier" finished-at="2023-01-04T19:43:14 IST" duration-ms="3492" status="PASS">
          <reporter-output>
          </reporter-output>
        </test-method> <!-- contactSupplier -->
        <test-method is-config="true" signature="tearDown(org.testng.ITestResult)[pri:0, instance:testing.dev.BuyerPortal_ComparePageTest@7f3b84b8]" started-at="2023-01-04T19:43:14 IST" name="tearDown" finished-at="2023-01-04T19:43:14 IST" duration-ms="1" status="PASS">
          <params>
            <param index="0">
              <value>
                <![CDATA[[TestResult name=contactSupplier status=SUCCESS method=BuyerPortal_ComparePageTest.contactSupplier()[pri:3, instance:testing.dev.BuyerPortal_ComparePageTest@7f3b84b8] output={null}]]]>
              </value>
            </param>
          </params>
          <reporter-output>
          </reporter-output>
        </test-method> <!-- tearDown -->
        <test-method is-config="true" signature="testName(java.lang.reflect.Method)[pri:0, instance:testing.dev.BuyerPortal_ComparePageTest@7f3b84b8]" started-at="2023-01-04T19:43:14 IST" name="testName" finished-at="2023-01-04T19:43:14 IST" duration-ms="1" status="PASS">
          <params>
            <param index="0">
              <value>
                <![CDATA[public void testing.dev.BuyerPortal_ComparePageTest.contactSupplier1() throws java.lang.InterruptedException]]>
              </value>
            </param>
          </params>
          <reporter-output>
          </reporter-output>
        </test-method> <!-- testName -->
        <test-method signature="contactSupplier1()[pri:4, instance:testing.dev.BuyerPortal_ComparePageTest@7f3b84b8]" started-at="2023-01-04T19:43:14 IST" name="contactSupplier1" finished-at="2023-01-04T19:43:17 IST" duration-ms="3033" status="PASS">
          <reporter-output>
          </reporter-output>
        </test-method> <!-- contactSupplier1 -->
        <test-method is-config="true" signature="tearDown(org.testng.ITestResult)[pri:0, instance:testing.dev.BuyerPortal_ComparePageTest@7f3b84b8]" started-at="2023-01-04T19:43:17 IST" name="tearDown" finished-at="2023-01-04T19:43:17 IST" duration-ms="1" status="PASS">
          <params>
            <param index="0">
              <value>
                <![CDATA[[TestResult name=contactSupplier1 status=SUCCESS method=BuyerPortal_ComparePageTest.contactSupplier1()[pri:4, instance:testing.dev.BuyerPortal_ComparePageTest@7f3b84b8] output={null}]]]>
              </value>
            </param>
          </params>
          <reporter-output>
          </reporter-output>
        </test-method> <!-- tearDown -->
        <test-method is-config="true" signature="testName(java.lang.reflect.Method)[pri:0, instance:testing.dev.BuyerPortal_ComparePageTest@7f3b84b8]" started-at="2023-01-04T19:43:17 IST" name="testName" finished-at="2023-01-04T19:43:17 IST" duration-ms="1" status="PASS">
          <params>
            <param index="0">
              <value>
                <![CDATA[public void testing.dev.BuyerPortal_ComparePageTest.requestQuote() throws java.lang.InterruptedException]]>
              </value>
            </param>
          </params>
          <reporter-output>
          </reporter-output>
        </test-method> <!-- testName -->
        <test-method signature="requestQuote()[pri:5, instance:testing.dev.BuyerPortal_ComparePageTest@7f3b84b8]" started-at="2023-01-04T19:43:17 IST" name="requestQuote" finished-at="2023-01-04T19:43:18 IST" duration-ms="949" status="PASS">
          <reporter-output>
          </reporter-output>
        </test-method> <!-- requestQuote -->
        <test-method is-config="true" signature="tearDown(org.testng.ITestResult)[pri:0, instance:testing.dev.BuyerPortal_ComparePageTest@7f3b84b8]" started-at="2023-01-04T19:43:18 IST" name="tearDown" finished-at="2023-01-04T19:43:18 IST" duration-ms="0" status="PASS">
          <params>
            <param index="0">
              <value>
                <![CDATA[[TestResult name=requestQuote status=SUCCESS method=BuyerPortal_ComparePageTest.requestQuote()[pri:5, instance:testing.dev.BuyerPortal_ComparePageTest@7f3b84b8] output={null}]]]>
              </value>
            </param>
          </params>
          <reporter-output>
          </reporter-output>
        </test-method> <!-- tearDown -->
        <test-method signature="compare()[pri:6, instance:testing.dev.BuyerPortal_ComparePageTest@7f3b84b8]" started-at="2023-01-04T19:43:18 IST" name="compare" finished-at="2023-01-04T19:43:31 IST" duration-ms="12474" status="PASS">
          <reporter-output>
          </reporter-output>
        </test-method> <!-- compare -->
        <test-method is-config="true" signature="testName(java.lang.reflect.Method)[pri:0, instance:testing.dev.BuyerPortal_ComparePageTest@7f3b84b8]" started-at="2023-01-04T19:43:18 IST" name="testName" finished-at="2023-01-04T19:43:18 IST" duration-ms="0" status="PASS">
          <params>
            <param index="0">
              <value>
                <![CDATA[public void testing.dev.BuyerPortal_ComparePageTest.compare() throws java.lang.InterruptedException]]>
              </value>
            </param>
          </params>
          <reporter-output>
          </reporter-output>
        </test-method> <!-- testName -->
        <test-method is-config="true" signature="tearDown(org.testng.ITestResult)[pri:0, instance:testing.dev.BuyerPortal_ComparePageTest@7f3b84b8]" started-at="2023-01-04T19:43:31 IST" name="tearDown" finished-at="2023-01-04T19:43:31 IST" duration-ms="1" status="PASS">
          <params>
            <param index="0">
              <value>
                <![CDATA[[TestResult name=compare status=SUCCESS method=BuyerPortal_ComparePageTest.compare()[pri:6, instance:testing.dev.BuyerPortal_ComparePageTest@7f3b84b8] output={null}]]]>
              </value>
            </param>
          </params>
          <reporter-output>
          </reporter-output>
        </test-method> <!-- tearDown -->
        <test-method is-config="true" signature="testName(java.lang.reflect.Method)[pri:0, instance:testing.dev.BuyerPortal_ComparePageTest@7f3b84b8]" started-at="2023-01-04T19:43:31 IST" name="testName" finished-at="2023-01-04T19:43:31 IST" duration-ms="1" status="PASS">
          <params>
            <param index="0">
              <value>
                <![CDATA[public void testing.dev.BuyerPortal_ComparePageTest.contactSupplier11() throws java.lang.InterruptedException]]>
              </value>
            </param>
          </params>
          <reporter-output>
          </reporter-output>
        </test-method> <!-- testName -->
        <test-method signature="contactSupplier11()[pri:7, instance:testing.dev.BuyerPortal_ComparePageTest@7f3b84b8]" started-at="2023-01-04T19:43:31 IST" name="contactSupplier11" finished-at="2023-01-04T19:43:34 IST" duration-ms="3428" status="PASS">
          <reporter-output>
          </reporter-output>
        </test-method> <!-- contactSupplier11 -->
        <test-method is-config="true" signature="tearDown(org.testng.ITestResult)[pri:0, instance:testing.dev.BuyerPortal_ComparePageTest@7f3b84b8]" started-at="2023-01-04T19:43:34 IST" name="tearDown" finished-at="2023-01-04T19:43:34 IST" duration-ms="1" status="PASS">
          <params>
            <param index="0">
              <value>
                <![CDATA[[TestResult name=contactSupplier11 status=SUCCESS method=BuyerPortal_ComparePageTest.contactSupplier11()[pri:7, instance:testing.dev.BuyerPortal_ComparePageTest@7f3b84b8] output={null}]]]>
              </value>
            </param>
          </params>
          <reporter-output>
          </reporter-output>
        </test-method> <!-- tearDown -->
        <test-method signature="contactSupplier12()[pri:8, instance:testing.dev.BuyerPortal_ComparePageTest@7f3b84b8]" started-at="2023-01-04T19:43:34 IST" name="contactSupplier12" finished-at="2023-01-04T19:43:37 IST" duration-ms="3165" status="PASS">
          <reporter-output>
          </reporter-output>
        </test-method> <!-- contactSupplier12 -->
        <test-method is-config="true" signature="testName(java.lang.reflect.Method)[pri:0, instance:testing.dev.BuyerPortal_ComparePageTest@7f3b84b8]" started-at="2023-01-04T19:43:34 IST" name="testName" finished-at="2023-01-04T19:43:34 IST" duration-ms="0" status="PASS">
          <params>
            <param index="0">
              <value>
                <![CDATA[public void testing.dev.BuyerPortal_ComparePageTest.contactSupplier12() throws java.lang.InterruptedException]]>
              </value>
            </param>
          </params>
          <reporter-output>
          </reporter-output>
        </test-method> <!-- testName -->
        <test-method is-config="true" signature="tearDown(org.testng.ITestResult)[pri:0, instance:testing.dev.BuyerPortal_ComparePageTest@7f3b84b8]" started-at="2023-01-04T19:43:37 IST" name="tearDown" finished-at="2023-01-04T19:43:37 IST" duration-ms="0" status="PASS">
          <params>
            <param index="0">
              <value>
                <![CDATA[[TestResult name=contactSupplier12 status=SUCCESS method=BuyerPortal_ComparePageTest.contactSupplier12()[pri:8, instance:testing.dev.BuyerPortal_ComparePageTest@7f3b84b8] output={null}]]]>
              </value>
            </param>
          </params>
          <reporter-output>
          </reporter-output>
        </test-method> <!-- tearDown -->
        <test-method is-config="true" signature="testName(java.lang.reflect.Method)[pri:0, instance:testing.dev.BuyerPortal_ComparePageTest@7f3b84b8]" started-at="2023-01-04T19:43:37 IST" name="testName" finished-at="2023-01-04T19:43:37 IST" duration-ms="0" status="PASS">
          <params>
            <param index="0">
              <value>
                <![CDATA[public void testing.dev.BuyerPortal_ComparePageTest.requestQuote1() throws java.lang.InterruptedException]]>
              </value>
            </param>
          </params>
          <reporter-output>
          </reporter-output>
        </test-method> <!-- testName -->
        <test-method signature="requestQuote1()[pri:9, instance:testing.dev.BuyerPortal_ComparePageTest@7f3b84b8]" started-at="2023-01-04T19:43:37 IST" name="requestQuote1" finished-at="2023-01-04T19:43:38 IST" duration-ms="879" status="PASS">
          <reporter-output>
          </reporter-output>
        </test-method> <!-- requestQuote1 -->
        <test-method is-config="true" signature="closeReport()[pri:0, instance:testing.dev.BuyerPortal_ComparePageTest@7f3b84b8]" started-at="2023-01-04T19:43:38 IST" name="closeReport" finished-at="2023-01-04T19:43:38 IST" duration-ms="83" status="PASS">
          <reporter-output>
          </reporter-output>
        </test-method> <!-- closeReport -->
        <test-method is-config="true" signature="tearDown(org.testng.ITestResult)[pri:0, instance:testing.dev.BuyerPortal_ComparePageTest@7f3b84b8]" started-at="2023-01-04T19:43:38 IST" name="tearDown" finished-at="2023-01-04T19:43:38 IST" duration-ms="0" status="PASS">
          <params>
            <param index="0">
              <value>
                <![CDATA[[TestResult name=requestQuote1 status=SUCCESS method=BuyerPortal_ComparePageTest.requestQuote1()[pri:9, instance:testing.dev.BuyerPortal_ComparePageTest@7f3b84b8] output={null}]]]>
              </value>
            </param>
          </params>
          <reporter-output>
          </reporter-output>
        </test-method> <!-- tearDown -->
      </class> <!-- testing.dev.BuyerPortal_ComparePageTest -->
    </test> <!-- Test4 -->
    <test started-at="2023-01-04T19:43:38 IST" name="Test5" finished-at="2023-01-04T19:44:27 IST" duration-ms="49080">
      <class name="testing.dev.BuyerPortal_FavouritePageTest">
        <test-method is-config="true" signature="setUp()[pri:0, instance:testing.dev.BuyerPortal_FavouritePageTest@6adbc9d]" started-at="2023-01-04T19:43:38 IST" name="setUp" finished-at="2023-01-04T19:43:41 IST" duration-ms="2347" status="PASS">
          <reporter-output>
          </reporter-output>
        </test-method> <!-- setUp -->
        <test-method is-config="true" signature="setReports()[pri:0, instance:testing.dev.BuyerPortal_FavouritePageTest@6adbc9d]" started-at="2023-01-04T19:43:41 IST" name="setReports" finished-at="2023-01-04T19:43:41 IST" duration-ms="2" status="PASS">
          <reporter-output>
          </reporter-output>
        </test-method> <!-- setReports -->
        <test-method signature="signInPageTest()[pri:1, instance:testing.dev.BuyerPortal_FavouritePageTest@6adbc9d]" started-at="2023-01-04T19:43:41 IST" name="signInPageTest" finished-at="2023-01-04T19:43:49 IST" duration-ms="8801" status="PASS">
          <reporter-output>
          </reporter-output>
        </test-method> <!-- signInPageTest -->
        <test-method is-config="true" signature="testName(java.lang.reflect.Method)[pri:0, instance:testing.dev.BuyerPortal_FavouritePageTest@6adbc9d]" started-at="2023-01-04T19:43:41 IST" name="testName" finished-at="2023-01-04T19:43:41 IST" duration-ms="0" status="PASS">
          <params>
            <param index="0">
              <value>
                <![CDATA[public void testing.dev.BuyerPortal_FavouritePageTest.signInPageTest() throws java.io.IOException,java.lang.InterruptedException]]>
              </value>
            </param>
          </params>
          <reporter-output>
          </reporter-output>
        </test-method> <!-- testName -->
        <test-method is-config="true" signature="tearDown(org.testng.ITestResult)[pri:0, instance:testing.dev.BuyerPortal_FavouritePageTest@6adbc9d]" started-at="2023-01-04T19:43:49 IST" name="tearDown" finished-at="2023-01-04T19:43:49 IST" duration-ms="1" status="PASS">
          <params>
            <param index="0">
              <value>
                <![CDATA[[TestResult name=signInPageTest status=SUCCESS method=BuyerPortal_FavouritePageTest.signInPageTest()[pri:1, instance:testing.dev.BuyerPortal_FavouritePageTest@6adbc9d] output={null}]]]>
              </value>
            </param>
          </params>
          <reporter-output>
          </reporter-output>
        </test-method> <!-- tearDown -->
        <test-method is-config="true" signature="testName(java.lang.reflect.Method)[pri:0, instance:testing.dev.BuyerPortal_FavouritePageTest@6adbc9d]" started-at="2023-01-04T19:43:49 IST" name="testName" finished-at="2023-01-04T19:43:49 IST" duration-ms="1" status="PASS">
          <params>
            <param index="0">
              <value>
                <![CDATA[public void testing.dev.BuyerPortal_FavouritePageTest.loginsearchPageTest() throws java.lang.InterruptedException]]>
              </value>
            </param>
          </params>
          <reporter-output>
          </reporter-output>
        </test-method> <!-- testName -->
        <test-method signature="loginsearchPageTest()[pri:2, instance:testing.dev.BuyerPortal_FavouritePageTest@6adbc9d]" started-at="2023-01-04T19:43:49 IST" name="loginsearchPageTest" finished-at="2023-01-04T19:43:56 IST" duration-ms="6733" status="PASS">
          <reporter-output>
          </reporter-output>
        </test-method> <!-- loginsearchPageTest -->
        <test-method is-config="true" signature="tearDown(org.testng.ITestResult)[pri:0, instance:testing.dev.BuyerPortal_FavouritePageTest@6adbc9d]" started-at="2023-01-04T19:43:56 IST" name="tearDown" finished-at="2023-01-04T19:43:56 IST" duration-ms="0" status="PASS">
          <params>
            <param index="0">
              <value>
                <![CDATA[[TestResult name=loginsearchPageTest status=SUCCESS method=BuyerPortal_FavouritePageTest.loginsearchPageTest()[pri:2, instance:testing.dev.BuyerPortal_FavouritePageTest@6adbc9d] output={null}]]]>
              </value>
            </param>
          </params>
          <reporter-output>
          </reporter-output>
        </test-method> <!-- tearDown -->
        <test-method is-config="true" signature="testName(java.lang.reflect.Method)[pri:0, instance:testing.dev.BuyerPortal_FavouritePageTest@6adbc9d]" started-at="2023-01-04T19:43:56 IST" name="testName" finished-at="2023-01-04T19:43:56 IST" duration-ms="1" status="PASS">
          <params>
            <param index="0">
              <value>
                <![CDATA[public void testing.dev.BuyerPortal_FavouritePageTest.favPage1() throws java.lang.InterruptedException]]>
              </value>
            </param>
          </params>
          <reporter-output>
          </reporter-output>
        </test-method> <!-- testName -->
        <test-method signature="favPage1()[pri:3, instance:testing.dev.BuyerPortal_FavouritePageTest@6adbc9d]" started-at="2023-01-04T19:43:56 IST" name="favPage1" finished-at="2023-01-04T19:44:18 IST" duration-ms="22147" status="FAIL">
          <exception class="org.openqa.selenium.TimeoutException">
            <message>
              <![CDATA[Expected condition failed: waiting for visibility of [[ChromeDriver: chrome on WINDOWS (ca4a20db54d199ccf0d1006314b238c3)] -> xpath: //div[@class="fav-btn-holder"]] (tried for 20 second(s) with 500 milliseconds interval)
Build info: version: '3.141.59', revision: 'e82be7d358', time: '2018-11-14T08:17:03'
System info: host: 'DESKTOP-4KADTEQ', ip: '192.168.1.3', os.name: 'Windows 11', os.arch: 'amd64', os.version: '10.0', java.version: '18'
Driver info: org.openqa.selenium.chrome.ChromeDriver
Capabilities {acceptInsecureCerts: false, browserName: chrome, browserVersion: 108.0.5359.125, chrome: {chromedriverVersion: 108.0.5359.71 (1e0e3868ee06..., userDataDir: C:\Users\Dell\AppData\Local...}, goog:chromeOptions: {debuggerAddress: localhost:53526}, javascriptEnabled: true, networkConnectionEnabled: false, pageLoadStrategy: normal, platform: WINDOWS, platformName: WINDOWS, proxy: Proxy(), setWindowRect: true, strictFileInteractability: false, timeouts: {implicit: 0, pageLoad: 300000, script: 30000}, unhandledPromptBehavior: dismiss and notify, webauthn:extension:credBlob: true, webauthn:extension:largeBlob: true, webauthn:virtualAuthenticators: true}
Session ID: ca4a20db54d199ccf0d1006314b238c3]]>
            </message>
            <full-stacktrace>
              <![CDATA[org.openqa.selenium.TimeoutException: Expected condition failed: waiting for visibility of [[ChromeDriver: chrome on WINDOWS (ca4a20db54d199ccf0d1006314b238c3)] -> xpath: //div[@class="fav-btn-holder"]] (tried for 20 second(s) with 500 milliseconds interval)
Build info: version: '3.141.59', revision: 'e82be7d358', time: '2018-11-14T08:17:03'
System info: host: 'DESKTOP-4KADTEQ', ip: '192.168.1.3', os.name: 'Windows 11', os.arch: 'amd64', os.version: '10.0', java.version: '18'
Driver info: org.openqa.selenium.chrome.ChromeDriver
Capabilities {acceptInsecureCerts: false, browserName: chrome, browserVersion: 108.0.5359.125, chrome: {chromedriverVersion: 108.0.5359.71 (1e0e3868ee06..., userDataDir: C:\Users\Dell\AppData\Local...}, goog:chromeOptions: {debuggerAddress: localhost:53526}, javascriptEnabled: true, networkConnectionEnabled: false, pageLoadStrategy: normal, platform: WINDOWS, platformName: WINDOWS, proxy: Proxy(), setWindowRect: true, strictFileInteractability: false, timeouts: {implicit: 0, pageLoad: 300000, script: 30000}, unhandledPromptBehavior: dismiss and notify, webauthn:extension:credBlob: true, webauthn:extension:largeBlob: true, webauthn:virtualAuthenticators: true}
Session ID: ca4a20db54d199ccf0d1006314b238c3
at org.openqa.selenium.support.ui.WebDriverWait.timeoutException(WebDriverWait.java:95)
at org.openqa.selenium.support.ui.FluentWait.until(FluentWait.java:272)
at buyerportal.dev.ReusableFunction.selectCheckboxes(ReusableFunction.java:618)
at buyerportal.dev.BuyerPortal_FavouritePage.favPage(BuyerPortal_FavouritePage.java:24)
at testing.dev.BuyerPortal_FavouritePageTest.favPage1(BuyerPortal_FavouritePageTest.java:42)
at java.base/jdk.internal.reflect.DirectMethodHandleAccessor.invoke(DirectMethodHandleAccessor.java:104)
at java.base/java.lang.reflect.Method.invoke(Method.java:577)
at org.testng.internal.MethodInvocationHelper.invokeMethod(MethodInvocationHelper.java:133)
at org.testng.internal.TestInvoker.invokeMethod(TestInvoker.java:598)
at org.testng.internal.TestInvoker.invokeTestMethod(TestInvoker.java:173)
at org.testng.internal.MethodRunner.runInSequence(MethodRunner.java:46)
at org.testng.internal.TestInvoker$MethodInvocationAgent.invoke(TestInvoker.java:824)
at org.testng.internal.TestInvoker.invokeTestMethods(TestInvoker.java:146)
at org.testng.internal.TestMethodWorker.invokeTestMethods(TestMethodWorker.java:146)
at org.testng.internal.TestMethodWorker.run(TestMethodWorker.java:128)
at java.base/java.util.ArrayList.forEach(ArrayList.java:1511)
at org.testng.TestRunner.privateRun(TestRunner.java:794)
at org.testng.TestRunner.run(TestRunner.java:596)
at org.testng.SuiteRunner.runTest(SuiteRunner.java:377)
at org.testng.SuiteRunner.runSequentially(SuiteRunner.java:371)
at org.testng.SuiteRunner.privateRun(SuiteRunner.java:332)
at org.testng.SuiteRunner.run(SuiteRunner.java:276)
at org.testng.SuiteRunnerWorker.runSuite(SuiteRunnerWorker.java:53)
at org.testng.SuiteRunnerWorker.run(SuiteRunnerWorker.java:96)
at org.testng.TestNG.runSuitesSequentially(TestNG.java:1212)
at org.testng.TestNG.runSuitesLocally(TestNG.java:1134)
at org.testng.TestNG.runSuites(TestNG.java:1063)
at org.testng.TestNG.run(TestNG.java:1031)
at org.testng.remote.AbstractRemoteTestNG.run(AbstractRemoteTestNG.java:115)
at org.testng.remote.RemoteTestNG.initAndRun(RemoteTestNG.java:251)
at org.testng.remote.RemoteTestNG.main(RemoteTestNG.java:77)
]]>
            </full-stacktrace>
          </exception> <!-- org.openqa.selenium.TimeoutException -->
          <reporter-output>
          </reporter-output>
        </test-method> <!-- favPage1 -->
        <test-method is-config="true" signature="tearDown(org.testng.ITestResult)[pri:0, instance:testing.dev.BuyerPortal_FavouritePageTest@6adbc9d]" started-at="2023-01-04T19:44:18 IST" name="tearDown" finished-at="2023-01-04T19:44:19 IST" duration-ms="476" status="PASS">
          <params>
            <param index="0">
              <value>
                <![CDATA[[TestResult name=favPage1 status=FAILURE method=BuyerPortal_FavouritePageTest.favPage1()[pri:3, instance:testing.dev.BuyerPortal_FavouritePageTest@6adbc9d] output={null}]]]>
              </value>
            </param>
          </params>
          <reporter-output>
          </reporter-output>
        </test-method> <!-- tearDown -->
        <test-method signature="contactSupplier()[pri:4, instance:testing.dev.BuyerPortal_FavouritePageTest@6adbc9d]" started-at="2023-01-04T19:44:19 IST" name="contactSupplier" finished-at="2023-01-04T19:44:23 IST" duration-ms="4057" status="PASS">
          <reporter-output>
          </reporter-output>
        </test-method> <!-- contactSupplier -->
        <test-method is-config="true" signature="testName(java.lang.reflect.Method)[pri:0, instance:testing.dev.BuyerPortal_FavouritePageTest@6adbc9d]" started-at="2023-01-04T19:44:19 IST" name="testName" finished-at="2023-01-04T19:44:19 IST" duration-ms="0" status="PASS">
          <params>
            <param index="0">
              <value>
                <![CDATA[public void testing.dev.BuyerPortal_FavouritePageTest.contactSupplier() throws java.lang.InterruptedException]]>
              </value>
            </param>
          </params>
          <reporter-output>
          </reporter-output>
        </test-method> <!-- testName -->
        <test-method is-config="true" signature="tearDown(org.testng.ITestResult)[pri:0, instance:testing.dev.BuyerPortal_FavouritePageTest@6adbc9d]" started-at="2023-01-04T19:44:23 IST" name="tearDown" finished-at="2023-01-04T19:44:23 IST" duration-ms="1" status="PASS">
          <params>
            <param index="0">
              <value>
                <![CDATA[[TestResult name=contactSupplier status=SUCCESS method=BuyerPortal_FavouritePageTest.contactSupplier()[pri:4, instance:testing.dev.BuyerPortal_FavouritePageTest@6adbc9d] output={null}]]]>
              </value>
            </param>
          </params>
          <reporter-output>
          </reporter-output>
        </test-method> <!-- tearDown -->
        <test-method is-config="true" signature="testName(java.lang.reflect.Method)[pri:0, instance:testing.dev.BuyerPortal_FavouritePageTest@6adbc9d]" started-at="2023-01-04T19:44:23 IST" name="testName" finished-at="2023-01-04T19:44:23 IST" duration-ms="1" status="PASS">
          <params>
            <param index="0">
              <value>
                <![CDATA[public void testing.dev.BuyerPortal_FavouritePageTest.contactSupplier1() throws java.lang.InterruptedException]]>
              </value>
            </param>
          </params>
          <reporter-output>
          </reporter-output>
        </test-method> <!-- testName -->
        <test-method signature="contactSupplier1()[pri:5, instance:testing.dev.BuyerPortal_FavouritePageTest@6adbc9d]" started-at="2023-01-04T19:44:23 IST" name="contactSupplier1" finished-at="2023-01-04T19:44:26 IST" duration-ms="3313" status="PASS">
          <reporter-output>
          </reporter-output>
        </test-method> <!-- contactSupplier1 -->
        <test-method is-config="true" signature="tearDown(org.testng.ITestResult)[pri:0, instance:testing.dev.BuyerPortal_FavouritePageTest@6adbc9d]" started-at="2023-01-04T19:44:26 IST" name="tearDown" finished-at="2023-01-04T19:44:26 IST" duration-ms="1" status="PASS">
          <params>
            <param index="0">
              <value>
                <![CDATA[[TestResult name=contactSupplier1 status=SUCCESS method=BuyerPortal_FavouritePageTest.contactSupplier1()[pri:5, instance:testing.dev.BuyerPortal_FavouritePageTest@6adbc9d] output={null}]]]>
              </value>
            </param>
          </params>
          <reporter-output>
          </reporter-output>
        </test-method> <!-- tearDown -->
        <test-method is-config="true" signature="testName(java.lang.reflect.Method)[pri:0, instance:testing.dev.BuyerPortal_FavouritePageTest@6adbc9d]" started-at="2023-01-04T19:44:26 IST" name="testName" finished-at="2023-01-04T19:44:26 IST" duration-ms="1" status="PASS">
          <params>
            <param index="0">
              <value>
                <![CDATA[public void testing.dev.BuyerPortal_FavouritePageTest.requestQuote() throws java.lang.InterruptedException]]>
              </value>
            </param>
          </params>
          <reporter-output>
          </reporter-output>
        </test-method> <!-- testName -->
        <test-method signature="requestQuote()[pri:6, instance:testing.dev.BuyerPortal_FavouritePageTest@6adbc9d]" started-at="2023-01-04T19:44:26 IST" name="requestQuote" finished-at="2023-01-04T19:44:27 IST" duration-ms="1091" status="PASS">
          <reporter-output>
          </reporter-output>
        </test-method> <!-- requestQuote -->
        <test-method is-config="true" signature="tearDown(org.testng.ITestResult)[pri:0, instance:testing.dev.BuyerPortal_FavouritePageTest@6adbc9d]" started-at="2023-01-04T19:44:27 IST" name="tearDown" finished-at="2023-01-04T19:44:27 IST" duration-ms="1" status="PASS">
          <params>
            <param index="0">
              <value>
                <![CDATA[[TestResult name=requestQuote status=SUCCESS method=BuyerPortal_FavouritePageTest.requestQuote()[pri:6, instance:testing.dev.BuyerPortal_FavouritePageTest@6adbc9d] output={null}]]]>
              </value>
            </param>
          </params>
          <reporter-output>
          </reporter-output>
        </test-method> <!-- tearDown -->
        <test-method is-config="true" signature="closeReport()[pri:0, instance:testing.dev.BuyerPortal_FavouritePageTest@6adbc9d]" started-at="2023-01-04T19:44:27 IST" name="closeReport" finished-at="2023-01-04T19:44:27 IST" duration-ms="98" status="PASS">
          <reporter-output>
          </reporter-output>
        </test-method> <!-- closeReport -->
      </class> <!-- testing.dev.BuyerPortal_FavouritePageTest -->
    </test> <!-- Test5 -->
  </suite> <!-- Suite -->
</testng-results>
