<?xml version="1.0" encoding="UTF-8"?>
<!-- Generated by org.testng.reporters.JUnitXMLReporter -->
<testsuite ignored="0" hostname="DESKTOP-4KADTEQ" failures="4" tests="9" name="Test4" time="276.863" errors="0" timestamp="2023-04-04T15:33:36 IST">
  <testcase classname="testing.dev.BuyerPortal_ComparePageTest" name="signInPageTest" time="46.086">
    <failure type="org.openqa.selenium.NoSuchElementException" message="no such element: Unable to locate element: {&amp;quot;method&amp;quot;:&amp;quot;xpath&amp;quot;,&amp;quot;selector&amp;quot;:&amp;quot;//span[text()=&amp;apos;S04 - 2 Seater&amp;apos;]&amp;quot;}
  (Session info: chrome=111.0.5563.147)
For documentation on this error, please visit: https://www.seleniumhq.org/exceptions/no_such_element.html
Build info: version: &amp;apos;3.141.59&amp;apos;, revision: &amp;apos;e82be7d358&amp;apos;, time: &amp;apos;2018-11-14T08:17:03&amp;apos;
System info: host: &amp;apos;DESKTOP-4KADTEQ&amp;apos;, ip: &amp;apos;192.168.0.128&amp;apos;, os.name: &amp;apos;Windows 11&amp;apos;, os.arch: &amp;apos;amd64&amp;apos;, os.version: &amp;apos;10.0&amp;apos;, java.version: &amp;apos;18&amp;apos;
Driver info: org.openqa.selenium.chrome.ChromeDriver
Capabilities {acceptInsecureCerts: false, browserName: chrome, browserVersion: 111.0.5563.147, chrome: {chromedriverVersion: 111.0.5563.64 (c710e93d5b63..., userDataDir: C:\Users\Dell\AppData\Local...}, goog:chromeOptions: {debuggerAddress: localhost:62856}, javascriptEnabled: true, networkConnectionEnabled: false, pageLoadStrategy: normal, platform: WINDOWS, platformName: WINDOWS, proxy: Proxy(), setWindowRect: true, strictFileInteractability: false, timeouts: {implicit: 0, pageLoad: 300000, script: 30000}, unhandledPromptBehavior: dismiss and notify, webauthn:extension:credBlob: true, webauthn:extension:largeBlob: true, webauthn:extension:minPinLength: true, webauthn:extension:prf: true, webauthn:virtualAuthenticators: true}
Session ID: 2e4f78fc44e687d746587e5a9dcff3ba
*** Element info: {Using=xpath, value=//span[text()=&amp;apos;S04 - 2 Seater&amp;apos;]}">
      <![CDATA[org.openqa.selenium.NoSuchElementException: no such element: Unable to locate element: {"method":"xpath","selector":"//span[text()='S04 - 2 Seater']"}
  (Session info: chrome=111.0.5563.147)
For documentation on this error, please visit: https://www.seleniumhq.org/exceptions/no_such_element.html
Build info: version: '3.141.59', revision: 'e82be7d358', time: '2018-11-14T08:17:03'
System info: host: 'DESKTOP-4KADTEQ', ip: '192.168.0.128', os.name: 'Windows 11', os.arch: 'amd64', os.version: '10.0', java.version: '18'
Driver info: org.openqa.selenium.chrome.ChromeDriver
Capabilities {acceptInsecureCerts: false, browserName: chrome, browserVersion: 111.0.5563.147, chrome: {chromedriverVersion: 111.0.5563.64 (c710e93d5b63..., userDataDir: C:\Users\Dell\AppData\Local...}, goog:chromeOptions: {debuggerAddress: localhost:62856}, javascriptEnabled: true, networkConnectionEnabled: false, pageLoadStrategy: normal, platform: WINDOWS, platformName: WINDOWS, proxy: Proxy(), setWindowRect: true, strictFileInteractability: false, timeouts: {implicit: 0, pageLoad: 300000, script: 30000}, unhandledPromptBehavior: dismiss and notify, webauthn:extension:credBlob: true, webauthn:extension:largeBlob: true, webauthn:extension:minPinLength: true, webauthn:extension:prf: true, webauthn:virtualAuthenticators: true}
Session ID: 2e4f78fc44e687d746587e5a9dcff3ba
*** Element info: {Using=xpath, value=//span[text()='S04 - 2 Seater']}
at org.openqa.selenium.remote.http.W3CHttpResponseCodec.createException(W3CHttpResponseCodec.java:187)
at org.openqa.selenium.remote.http.W3CHttpResponseCodec.decode(W3CHttpResponseCodec.java:122)
at org.openqa.selenium.remote.http.W3CHttpResponseCodec.decode(W3CHttpResponseCodec.java:49)
at org.openqa.selenium.remote.HttpCommandExecutor.execute(HttpCommandExecutor.java:158)
at org.openqa.selenium.remote.service.DriverCommandExecutor.execute(DriverCommandExecutor.java:83)
at org.openqa.selenium.remote.RemoteWebDriver.execute(RemoteWebDriver.java:552)
at org.openqa.selenium.remote.RemoteWebDriver.findElement(RemoteWebDriver.java:323)
at org.openqa.selenium.remote.RemoteWebDriver.findElementByXPath(RemoteWebDriver.java:428)
at org.openqa.selenium.By$ByXPath.findElement(By.java:353)
at org.openqa.selenium.remote.RemoteWebDriver.findElement(RemoteWebDriver.java:315)
at buyerportal.dev.ReusableFunction.assertion1(ReusableFunction.java:430)
at buyerportal.dev.BuyerPortal_SignInPage.signIn(BuyerPortal_SignInPage.java:41)
at testing.dev.BuyerPortal_ComparePageTest.signInPageTest(BuyerPortal_ComparePageTest.java:19)
at java.base/java.util.ArrayList.forEach(ArrayList.java:1511)
... Removed 28 stack frames]]>
    </failure>
  </testcase> <!-- signInPageTest -->
  <testcase classname="testing.dev.BuyerPortal_ComparePageTest" name="comparePage01" time="39.422"/>
  <testcase classname="testing.dev.BuyerPortal_ComparePageTest" name="contactSupplier" time="21.535">
    <failure type="java.lang.AssertionError" message="expected [Your request has been submitted successfully] but found []">
      <![CDATA[java.lang.AssertionError: expected [Your request has been submitted successfully] but found []
at buyerportal.dev.ReusableFunction.assertion(ReusableFunction.java:229)
at buyerportal.dev.BuyerPortal_ProductDetail.contactSupplier(BuyerPortal_ProductDetail.java:39)
at testing.dev.BuyerPortal_ComparePageTest.contactSupplier(BuyerPortal_ComparePageTest.java:34)
at java.base/java.util.ArrayList.forEach(ArrayList.java:1511)
... Removed 31 stack frames]]>
    </failure>
  </testcase> <!-- contactSupplier -->
  <testcase classname="testing.dev.BuyerPortal_ComparePageTest" name="contactSupplier1" time="35.773">
    <failure type="java.lang.AssertionError" message="expected [Your request has been submitted successfully] but found []">
      <![CDATA[java.lang.AssertionError: expected [Your request has been submitted successfully] but found []
at buyerportal.dev.ReusableFunction.assertion(ReusableFunction.java:229)
at buyerportal.dev.BuyerPortal_ProductDetail.contactSupplier1(BuyerPortal_ProductDetail.java:53)
at testing.dev.BuyerPortal_ComparePageTest.contactSupplier1(BuyerPortal_ComparePageTest.java:42)
at java.base/java.util.ArrayList.forEach(ArrayList.java:1511)
... Removed 31 stack frames]]>
    </failure>
  </testcase> <!-- contactSupplier1 -->
  <testcase classname="testing.dev.BuyerPortal_ComparePageTest" name="requestQuote" time="25.397"/>
  <testcase classname="testing.dev.BuyerPortal_ComparePageTest" name="compare" time="21.764"/>
  <testcase classname="testing.dev.BuyerPortal_ComparePageTest" name="contactSupplier11" time="18.979"/>
  <testcase classname="testing.dev.BuyerPortal_ComparePageTest" name="contactSupplier12" time="36.227">
    <failure type="java.lang.AssertionError" message="expected [Your request has been submitted successfully] but found []">
      <![CDATA[java.lang.AssertionError: expected [Your request has been submitted successfully] but found []
at buyerportal.dev.ReusableFunction.assertion(ReusableFunction.java:229)
at buyerportal.dev.BuyerPortal_ProductDetail.contactSupplier1(BuyerPortal_ProductDetail.java:53)
at testing.dev.BuyerPortal_ComparePageTest.contactSupplier12(BuyerPortal_ComparePageTest.java:74)
at java.base/java.util.ArrayList.forEach(ArrayList.java:1511)
... Removed 31 stack frames]]>
    </failure>
  </testcase> <!-- contactSupplier12 -->
  <testcase classname="testing.dev.BuyerPortal_ComparePageTest" name="requestQuote1" time="26.173"/>
</testsuite> <!-- Test4 -->
