<?xml version="1.0" encoding="UTF-8"?>
<!-- Generated by org.testng.reporters.JUnitXMLReporter -->
<testsuite ignored="0" hostname="DESKTOP-4KADTEQ" failures="1" tests="6" name="Test6" time="52.249" errors="0" timestamp="2023-01-04T19:34:16 IST">
  <testcase classname="testing.dev.BuyerPortal_FavouritePageTest" name="signInPageTest" time="8.92"/>
  <testcase classname="testing.dev.BuyerPortal_FavouritePageTest" name="loginsearchPageTest" time="7.031"/>
  <testcase classname="testing.dev.BuyerPortal_FavouritePageTest" name="favPage1" time="24.164">
    <failure type="org.openqa.selenium.TimeoutException" message="Expected condition failed: waiting for visibility of [[ChromeDriver: chrome on WINDOWS (d53931b663f37de9f7d700cc57599ff6)] -&amp;gt; xpath: //div[@class=&amp;quot;fav-btn-holder&amp;quot;]] (tried for 20 second(s) with 500 milliseconds interval)
Build info: version: &amp;apos;3.141.59&amp;apos;, revision: &amp;apos;e82be7d358&amp;apos;, time: &amp;apos;2018-11-14T08:17:03&amp;apos;
System info: host: &amp;apos;DESKTOP-4KADTEQ&amp;apos;, ip: &amp;apos;192.168.1.3&amp;apos;, os.name: &amp;apos;Windows 11&amp;apos;, os.arch: &amp;apos;amd64&amp;apos;, os.version: &amp;apos;10.0&amp;apos;, java.version: &amp;apos;18&amp;apos;
Driver info: org.openqa.selenium.chrome.ChromeDriver
Capabilities {acceptInsecureCerts: false, browserName: chrome, browserVersion: 108.0.5359.125, chrome: {chromedriverVersion: 108.0.5359.71 (1e0e3868ee06..., userDataDir: C:\Users\Dell\AppData\Local...}, goog:chromeOptions: {debuggerAddress: localhost:53292}, javascriptEnabled: true, networkConnectionEnabled: false, pageLoadStrategy: normal, platform: WINDOWS, platformName: WINDOWS, proxy: Proxy(), setWindowRect: true, strictFileInteractability: false, timeouts: {implicit: 0, pageLoad: 300000, script: 30000}, unhandledPromptBehavior: dismiss and notify, webauthn:extension:credBlob: true, webauthn:extension:largeBlob: true, webauthn:virtualAuthenticators: true}
Session ID: d53931b663f37de9f7d700cc57599ff6">
      <![CDATA[org.openqa.selenium.TimeoutException: Expected condition failed: waiting for visibility of [[ChromeDriver: chrome on WINDOWS (d53931b663f37de9f7d700cc57599ff6)] -> xpath: //div[@class="fav-btn-holder"]] (tried for 20 second(s) with 500 milliseconds interval)
Build info: version: '3.141.59', revision: 'e82be7d358', time: '2018-11-14T08:17:03'
System info: host: 'DESKTOP-4KADTEQ', ip: '192.168.1.3', os.name: 'Windows 11', os.arch: 'amd64', os.version: '10.0', java.version: '18'
Driver info: org.openqa.selenium.chrome.ChromeDriver
Capabilities {acceptInsecureCerts: false, browserName: chrome, browserVersion: 108.0.5359.125, chrome: {chromedriverVersion: 108.0.5359.71 (1e0e3868ee06..., userDataDir: C:\Users\Dell\AppData\Local...}, goog:chromeOptions: {debuggerAddress: localhost:53292}, javascriptEnabled: true, networkConnectionEnabled: false, pageLoadStrategy: normal, platform: WINDOWS, platformName: WINDOWS, proxy: Proxy(), setWindowRect: true, strictFileInteractability: false, timeouts: {implicit: 0, pageLoad: 300000, script: 30000}, unhandledPromptBehavior: dismiss and notify, webauthn:extension:credBlob: true, webauthn:extension:largeBlob: true, webauthn:virtualAuthenticators: true}
Session ID: d53931b663f37de9f7d700cc57599ff6
at org.openqa.selenium.support.ui.WebDriverWait.timeoutException(WebDriverWait.java:95)
at org.openqa.selenium.support.ui.FluentWait.until(FluentWait.java:272)
at buyerportal.dev.ReusableFunction.selectCheckboxes(ReusableFunction.java:618)
at buyerportal.dev.BuyerPortal_FavouritePage.favPage(BuyerPortal_FavouritePage.java:24)
at testing.dev.BuyerPortal_FavouritePageTest.favPage1(BuyerPortal_FavouritePageTest.java:42)
at java.base/java.util.ArrayList.forEach(ArrayList.java:1511)
... Removed 25 stack frames]]>
    </failure>
  </testcase> <!-- favPage1 -->
  <testcase classname="testing.dev.BuyerPortal_FavouritePageTest" name="contactSupplier" time="4.049"/>
  <testcase classname="testing.dev.BuyerPortal_FavouritePageTest" name="contactSupplier1" time="4.021"/>
  <testcase classname="testing.dev.BuyerPortal_FavouritePageTest" name="requestQuote" time="1.031"/>
</testsuite> <!-- Test6 -->
