<?xml version="1.0" encoding="UTF-8"?>
<!-- Generated by org.testng.reporters.JUnitXMLReporter -->
<testsuite ignored="5" hostname="DESKTOP-4KADTEQ" failures="1" tests="7" name="Test" time="18.076" errors="0" timestamp="2023-01-03T22:15:14 IST">
  <testcase classname="testing.dev.BaseTest" name="@AfterMethod tearDown" time="0.003">
    <failure type="java.lang.NullPointerException" message="Cannot invoke &amp;quot;org.openqa.selenium.TakesScreenshot.getScreenshotAs(org.openqa.selenium.OutputType)&amp;quot; because &amp;quot;tks&amp;quot; is null">
      <![CDATA[java.lang.NullPointerException: Cannot invoke "org.openqa.selenium.TakesScreenshot.getScreenshotAs(org.openqa.selenium.OutputType)" because "tks" is null
at buyerportal.dev.ReusableFunction.captureScreenShot(ReusableFunction.java:820)
at testing.dev.BaseTest.tearDown(BaseTest.java:238)
at java.base/java.util.ArrayList.forEach(ArrayList.java:1511)
... Removed 30 stack frames]]>
    </failure>
  </testcase> <!-- @AfterMethod tearDown -->
  <testcase classname="testing.dev.BaseTest" name="@BeforeMethod testName" time="-1.672764314235E9">
    <skipped/>
  </testcase> <!-- @BeforeMethod testName -->
  <testcase classname="testing.dev.BaseTest" name="@AfterMethod tearDown" time="-1.672764314243E9">
    <skipped/>
  </testcase> <!-- @AfterMethod tearDown -->
  <testcase classname="testing.dev.BaseTest" name="@BeforeMethod testName" time="-1.672764314245E9">
    <skipped/>
  </testcase> <!-- @BeforeMethod testName -->
  <testcase classname="testing.dev.BaseTest" name="@AfterMethod tearDown" time="-1.67276431425E9">
    <skipped/>
  </testcase> <!-- @AfterMethod tearDown -->
  <testcase classname="testing.dev.BaseTest" name="@BeforeMethod testName" time="-1.672764314251E9">
    <skipped/>
  </testcase> <!-- @BeforeMethod testName -->
  <testcase classname="testing.dev.BaseTest" name="@AfterMethod tearDown" time="-1.672764314257E9">
    <skipped/>
  </testcase> <!-- @AfterMethod tearDown -->
  <testcase classname="testing.dev.BaseTest" name="@BeforeMethod testName" time="-1.672764314258E9">
    <skipped/>
  </testcase> <!-- @BeforeMethod testName -->
  <testcase classname="testing.dev.BaseTest" name="@AfterMethod tearDown" time="-1.672764314262E9">
    <skipped/>
  </testcase> <!-- @AfterMethod tearDown -->
  <testcase classname="testing.dev.BuyerPortalLogin" name="signUpPageTest1" time="13.139"/>
  <testcase classname="testing.dev.BuyerPortalLogin" name="signInPageTest3" time="4.128"/>
  <testcase classname="testing.dev.BuyerPortal_search" name="signInPageTest" time="0.002">
    <failure type="java.lang.NullPointerException" message="Cannot invoke &amp;quot;java.util.Properties.getProperty(String)&amp;quot; because &amp;quot;this.properties&amp;quot; is null">
      <![CDATA[java.lang.NullPointerException: Cannot invoke "java.util.Properties.getProperty(String)" because "this.properties" is null
at testing.dev.BuyerPortal_search.signInPageTest(BuyerPortal_search.java:21)
at java.base/java.util.ArrayList.forEach(ArrayList.java:1511)
... Removed 25 stack frames]]>
    </failure>
  </testcase> <!-- signInPageTest -->
  <testcase classname="testing.dev.BuyerPortal_search" name="loginsearchPageTest" time="0.0">
    <skipped/>
  </testcase> <!-- loginsearchPageTest -->
  <testcase classname="testing.dev.BuyerPortal_search" name="contactSupplier" time="0.0">
    <skipped/>
  </testcase> <!-- contactSupplier -->
  <testcase classname="testing.dev.BuyerPortal_search" name="contactSupplier1" time="0.0">
    <skipped/>
  </testcase> <!-- contactSupplier1 -->
  <testcase classname="testing.dev.BuyerPortal_search" name="requestQuote" time="0.0">
    <skipped/>
  </testcase> <!-- requestQuote -->
  <testcase classname="testing.dev.BaseTest" name="@AfterTest closeReport" time="0.0">
    <ignored/>
  </testcase> <!-- @AfterTest closeReport -->
  <testcase classname="testing.dev.BaseTest" name="@BeforeSuite setUp" time="0.0">
    <ignored/>
  </testcase> <!-- @BeforeSuite setUp -->
  <testcase classname="testing.dev.BuyerPortalLogin" name="signUpPageTest2" time="0.0">
    <ignored/>
  </testcase> <!-- signUpPageTest2 -->
  <testcase classname="testing.dev.BuyerPortalLogin" name="signInPageTest4" time="0.0">
    <ignored/>
  </testcase> <!-- signInPageTest4 -->
  <testcase classname="testing.dev.BaseTest" name="@BeforeTest setReports" time="0.0">
    <ignored/>
  </testcase> <!-- @BeforeTest setReports -->
</testsuite> <!-- Test -->
